Arguments: 
  D:\Node\node.exe C:\Program Files (x86)\Yarn\bin\yarn.js add @types/webworker-threads

PATH: 
  C:\Users\hzzmy\bin;C:\Program Files\Git\mingw64\bin;C:\Program Files\Git\usr\local\bin;C:\Program Files\Git\usr\bin;C:\Program Files\Git\usr\bin;C:\Program Files\Git\mingw64\bin;C:\Program Files\Git\usr\bin;C:\Users\hzzmy\bin;C:\ProgramData\Oracle\Java\javapath;C:\Windows\system32;C:\Windows;C:\Windows\System32\Wbem;C:\Windows\System32\WindowsPowerShell\v1.0;D:\Redis;C:\Program Files\Git\cmd;C:\Program Files (x86)\Yarn\bin;C:\ProgramData\chocolatey\bin;C:\Program Files\Emscripten\emscripten\1.35.0;C:\Program Files\Emscripten;C:\Program Files\Emscripten\clang\e1.35.0_64bit;C:\Program Files\Emscripten\node\0.12.2_64bit;C:\Program Files\Emscripten\python\2.7.5.3_64bit;C:\Program Files\Emscripten\java\7.45_64bit\bin;C:\Program Files\Emscripten\crunch\1.03;C:\Program Files\Emscripten\mingw\4.6.2_32bit;D:\Node;C:\Users\hzzmy\AppData\Local\Programs\Python\Python36-32\Scripts;C:\Users\hzzmy\AppData\Local\Programs\Python\Python36-32;D:\JAVA\jdk1.8.0_121\bin;D:\JAVA\jdk1.8.0_121\jre\bin;C:\Program Files\ConEmu;D:\nginx-1.11.6;C:\Program Files\MongoDB\Server\3.4\bin;D:\Microsoft VS Code\bin;C:\Users\hzzmy\AppData\Local\Yarn\.bin;D:\Docker Toolbox;C:\Users\hzzmy\AppData\Roaming\npm;C:\Program Files\Git\usr\bin\vendor_perl;C:\Program Files\Git\usr\bin\core_perl

Yarn version: 
  0.21.3

Node version: 
  8.2.1

Platform: 
  win32 x64

npm manifest: 
  {
    "name": "orangearoma",
    "version": "1.0.0",
    "description": "",
    "main": "./bin/index.ts",
    "scripts": {
      "prestart": "tsc",
      "start": "node ./dist/bin/index",
      "test": "./node_modules/.bin/mocha -r ./node_modules/ts-node/register lib/**/*.spec.ts"
    },
    "author": "",
    "license": "ISC",
    "dependencies": {
      "webworker-threads": "^0.7.12"
    },
    "devDependencies": {
      "@types/node": "^8.0.19",
      "ts-node": "^3.0.4",
      "typescript": "^2.4.2"
    }
  }

yarn manifest: 
  No manifest

Lockfile: 
  # THIS IS AN AUTOGENERATED FILE. DO NOT EDIT THIS FILE DIRECTLY.
  # yarn lockfile v1
  
  
  "@types/node@^8.0.19":
    version "8.0.19"
    resolved "http://r.cnpmjs.org/@types/node/download/@types/node-8.0.19.tgz#e46e2b0243de7d03f15b26b45c59ebb84f657a4e"
  
  ansi-styles@^3.1.0:
    version "3.2.0"
    resolved "http://r.cnpmjs.org/ansi-styles/download/ansi-styles-3.2.0.tgz#c159b8d5be0f9e5a6f346dab94f16ce022161b88"
    dependencies:
      color-convert "^1.9.0"
  
  arrify@^1.0.0:
    version "1.0.1"
    resolved "http://r.cnpmjs.org/arrify/download/arrify-1.0.1.tgz#898508da2226f380df904728456849c1501a4b0d"
  
  bindings@^1.2.1:
    version "1.3.0"
    resolved "http://r.cnpmjs.org/bindings/download/bindings-1.3.0.tgz#b346f6ecf6a95f5a815c5839fc7cdb22502f1ed7"
  
  chalk@^2.0.0:
    version "2.0.1"
    resolved "http://r.cnpmjs.org/chalk/download/chalk-2.0.1.tgz#dbec49436d2ae15f536114e76d14656cdbc0f44d"
    dependencies:
      ansi-styles "^3.1.0"
      escape-string-regexp "^1.0.5"
      supports-color "^4.0.0"
  
  color-convert@^1.9.0:
    version "1.9.0"
    resolved "http://r.cnpmjs.org/color-convert/download/color-convert-1.9.0.tgz#1accf97dd739b983bf994d56fec8f95853641b7a"
    dependencies:
      color-name "^1.1.1"
  
  color-name@^1.1.1:
    version "1.1.3"
    resolved "http://r.cnpmjs.org/color-name/download/color-name-1.1.3.tgz#a7d0558bd89c42f795dd42328f740831ca53bc25"
  
  diff@^3.1.0:
    version "3.3.0"
    resolved "http://r.cnpmjs.org/diff/download/diff-3.3.0.tgz#056695150d7aa93237ca7e378ac3b1682b7963b9"
  
  escape-string-regexp@^1.0.5:
    version "1.0.5"
    resolved "http://r.cnpmjs.org/escape-string-regexp/download/escape-string-regexp-1.0.5.tgz#1b61c0562190a8dff6ae3bb2cf0200ca130b86d4"
  
  has-flag@^2.0.0:
    version "2.0.0"
    resolved "http://r.cnpmjs.org/has-flag/download/has-flag-2.0.0.tgz#e8207af1cc7b30d446cc70b734b5e8be18f88d51"
  
  make-error@^1.1.1:
    version "1.3.0"
    resolved "http://r.cnpmjs.org/make-error/download/make-error-1.3.0.tgz#52ad3a339ccf10ce62b4040b708fe707244b8b96"
  
  minimist@0.0.8:
    version "0.0.8"
    resolved "http://r.cnpmjs.org/minimist/download/minimist-0.0.8.tgz#857fcabfc3397d2625b8228262e86aa7a011b05d"
  
  minimist@^1.2.0:
    version "1.2.0"
    resolved "http://r.cnpmjs.org/minimist/download/minimist-1.2.0.tgz#a35008b20f41383eec1fb914f4cd5df79a264284"
  
  mkdirp@^0.5.1:
    version "0.5.1"
    resolved "http://r.cnpmjs.org/mkdirp/download/mkdirp-0.5.1.tgz#30057438eac6cf7f8c4767f38648d6697d75c903"
    dependencies:
      minimist "0.0.8"
  
  nan@^2.4.0:
    version "2.6.2"
    resolved "http://r.cnpmjs.org/nan/download/nan-2.6.2.tgz#e4ff34e6c95fdfb5aecc08de6596f43605a7db45"
  
  source-map-support@^0.4.0:
    version "0.4.15"
    resolved "http://r.cnpmjs.org/source-map-support/download/source-map-support-0.4.15.tgz#03202df65c06d2bd8c7ec2362a193056fef8d3b1"
    dependencies:
      source-map "^0.5.6"
  
  source-map@^0.5.6:
    version "0.5.6"
    resolved "http://r.cnpmjs.org/source-map/download/source-map-0.5.6.tgz#75ce38f52bf0733c5a7f0c118d81334a2bb5f412"
  
  strip-bom@^3.0.0:
    version "3.0.0"
    resolved "http://r.cnpmjs.org/strip-bom/download/strip-bom-3.0.0.tgz#2334c18e9c759f7bdd56fdef7e9ae3d588e68ed3"
  
  strip-json-comments@^2.0.0:
    version "2.0.1"
    resolved "http://r.cnpmjs.org/strip-json-comments/download/strip-json-comments-2.0.1.tgz#3c531942e908c2697c0ec344858c286c7ca0a60a"
  
  supports-color@^4.0.0:
    version "4.2.1"
    resolved "http://r.cnpmjs.org/supports-color/download/supports-color-4.2.1.tgz#65a4bb2631e90e02420dba5554c375a4754bb836"
    dependencies:
      has-flag "^2.0.0"
  
  ts-node@^3.0.4:
    version "3.3.0"
    resolved "http://r.cnpmjs.org/ts-node/download/ts-node-3.3.0.tgz#c13c6a3024e30be1180dd53038fc209289d4bf69"
    dependencies:
      arrify "^1.0.0"
      chalk "^2.0.0"
      diff "^3.1.0"
      make-error "^1.1.1"
      minimist "^1.2.0"
      mkdirp "^0.5.1"
      source-map-support "^0.4.0"
      tsconfig "^6.0.0"
      v8flags "^3.0.0"
      yn "^2.0.0"
  
  tsconfig@^6.0.0:
    version "6.0.0"
    resolved "http://r.cnpmjs.org/tsconfig/download/tsconfig-6.0.0.tgz#6b0e8376003d7af1864f8df8f89dd0059ffcd032"
    dependencies:
      strip-bom "^3.0.0"
      strip-json-comments "^2.0.0"
  
  typescript@^2.4.2:
    version "2.4.2"
    resolved "http://r.cnpmjs.org/typescript/download/typescript-2.4.2.tgz#f8395f85d459276067c988aa41837a8f82870844"
  
  user-home@^1.1.1:
    version "1.1.1"
    resolved "http://r.cnpmjs.org/user-home/download/user-home-1.1.1.tgz#2b5be23a32b63a7c9deb8d0f28d485724a3df190"
  
  v8flags@^3.0.0:
    version "3.0.0"
    resolved "http://r.cnpmjs.org/v8flags/download/v8flags-3.0.0.tgz#4be9604488e0c4123645def705b1848d16b8e01f"
    dependencies:
      user-home "^1.1.1"
  
  webworker-threads@^0.7.12:
    version "0.7.12"
    resolved "http://r.cnpmjs.org/webworker-threads/download/webworker-threads-0.7.12.tgz#65755480be30b72c8311e9d4e9f29cbe80eb361e"
    dependencies:
      bindings "^1.2.1"
      nan "^2.4.0"
  
  yn@^2.0.0:
    version "2.0.0"
    resolved "http://r.cnpmjs.org/yn/download/yn-2.0.0.tgz#e5adabc8acf408f6385fc76495684c88e6af689a"

Trace: 
  Error: http://registry.cnpmjs.org/@types%2fwebworker-threads: not_found
      at Request.params.callback [as _callback] (C:\Program Files (x86)\Yarn\lib\util\request-manager.js:313:18)
      at Request.self.callback (C:\Program Files (x86)\Yarn\node_modules\request\request.js:186:22)
      at emitTwo (events.js:125:13)
      at Request.emit (events.js:213:7)
      at Request.<anonymous> (C:\Program Files (x86)\Yarn\node_modules\request\request.js:1081:10)
      at emitOne (events.js:115:13)
      at Request.emit (events.js:210:7)
      at Gunzip.<anonymous> (C:\Program Files (x86)\Yarn\node_modules\request\request.js:1001:12)
      at Object.onceWrapper (events.js:314:30)
      at emitNone (events.js:110:20)
